<html>
<head>
<title>TestNG:  Test</title>
<link href="../testng.css" rel="stylesheet" type="text/css" />
<link href="../my-testng.css" rel="stylesheet" type="text/css" />

<style type="text/css">
.log { display: none;} 
.stack-trace { display: none;} 
</style>
<script type="text/javascript">
<!--
function flip(e) {
  current = e.style.display;
  if (current == 'block') {
    e.style.display = 'none';
    return 0;
  }
  else {
    e.style.display = 'block';
    return 1;
  }
}

function toggleBox(szDivId, elem, msg1, msg2)
{
  var res = -1;  if (document.getElementById) {
    res = flip(document.getElementById(szDivId));
  }
  else if (document.all) {
    // this is the way old msie versions work
    res = flip(document.all[szDivId]);
  }
  if(elem) {
    if(res == 0) elem.innerHTML = msg1; else elem.innerHTML = msg2;
  }

}

function toggleAllBoxes() {
  if (document.getElementsByTagName) {
    d = document.getElementsByTagName('div');
    for (i = 0; i < d.length; i++) {
      if (d[i].className == 'log') {
        flip(d[i]);
      }
    }
  }
}

// -->
</script>

</head>
<body>
<h2 align='center'>Test</h2><table border='1' align="center">
<tr>
<td>Tests passed/Failed/Skipped:</td><td>35/2/1</td>
</tr><tr>
<td>Started on:</td><td>Sat Jul 19 08:34:16 IST 2025</td>
</tr>
<tr><td>Total time:</td><td>15 seconds (15975 ms)</td>
</tr><tr>
<td>Included groups:</td><td></td>
</tr><tr>
<td>Excluded groups:</td><td></td>
</tr>
</table><p/>
<small><i>(Hover the method name to see the test class name)</i></small><p/>
<table width='100%' border='1' class='invocation-failed'>
<tr><td colspan='4' align='center'><b>FAILED TESTS</b></td></tr>
<tr><td><b>Test method</b></td>
<td><b>Attribute(s)</b></td>
<td width="30%"><b>Exception</b></td>
<td width="10%"><b>Time (seconds)</b></td>
<td><b>Instance</b></td>
</tr>
<tr>
<td title='day11.testngexamples.Example8.logout()'><b>logout</b><br>Test class: day11.testngexamples.Example8</td>
<td><div><pre>org.testng.internal.thread.ThreadTimeoutException: Method day11.testngexamples.Example8.logout() didn&apos;t finish within the time-out 2000
	at java.base@17.0.3/java.lang.Thread.sleep(Native Method)
	at app//day11.testngexamples.Example8.logout(Example8.java:18)
	at java.base@17.0.3/java.util.concurrent.FutureTask.run(FutureTask.java:264)
	at java.base@17.0.3/java.util.concurrent.ThreadPoolExecutor.runWorker(ThreadPoolExecutor.java:1136)
	at java.base@17.0.3/java.util.concurrent.ThreadPoolExecutor$Worker.run(ThreadPoolExecutor.java:635)
	at java.base@17.0.3/java.lang.Thread.run(Thread.java:833)
... Removed 8 stack frames</pre></div><a href='#' onClick='toggleBox("stack-trace1615873578", this, "Click to show all stack frames", "Click to hide stack frames")'>Click to show all stack frames</a>
<div class='stack-trace' id='stack-trace1615873578'><pre>org.testng.internal.thread.ThreadTimeoutException: Method day11.testngexamples.Example8.logout() didn&apos;t finish within the time-out 2000
	at java.base@17.0.3/java.lang.Thread.sleep(Native Method)
	at app//day11.testngexamples.Example8.logout(Example8.java:18)
	at java.base@17.0.3/jdk.internal.reflect.NativeMethodAccessorImpl.invoke0(Native Method)
	at java.base@17.0.3/jdk.internal.reflect.NativeMethodAccessorImpl.invoke(NativeMethodAccessorImpl.java:77)
	at java.base@17.0.3/jdk.internal.reflect.DelegatingMethodAccessorImpl.invoke(DelegatingMethodAccessorImpl.java:43)
	at java.base@17.0.3/java.lang.reflect.Method.invoke(Method.java:568)
	at app//org.testng.internal.invokers.MethodInvocationHelper.invokeMethod(MethodInvocationHelper.java:139)
	at app//org.testng.internal.invokers.InvokeMethodRunnable.runOne(InvokeMethodRunnable.java:47)
	at app//org.testng.internal.invokers.InvokeMethodRunnable.call(InvokeMethodRunnable.java:76)
	at app//org.testng.internal.invokers.InvokeMethodRunnable.call(InvokeMethodRunnable.java:11)
	at java.base@17.0.3/java.util.concurrent.FutureTask.run(FutureTask.java:264)
	at java.base@17.0.3/java.util.concurrent.ThreadPoolExecutor.runWorker(ThreadPoolExecutor.java:1136)
	at java.base@17.0.3/java.util.concurrent.ThreadPoolExecutor$Worker.run(ThreadPoolExecutor.java:635)
	at java.base@17.0.3/java.lang.Thread.run(Thread.java:833)
</pre></div></td>
<td>2</td>
<td>day11.testngexamples.Example8@2e3967ea</td></tr>
<tr>
<td title='day11.testngexamples.Example5.createLead()'><b>createLead</b><br>Test class: day11.testngexamples.Example5</td>
<td><div><pre>java.lang.ArithmeticException: / by zero
	at day11.testngexamples.Example5.createLead(Example5.java:26)
	at java.base/java.util.ArrayList.forEach(ArrayList.java:1511)
... Removed 27 stack frames</pre></div><a href='#' onClick='toggleBox("stack-trace1938259481", this, "Click to show all stack frames", "Click to hide stack frames")'>Click to show all stack frames</a>
<div class='stack-trace' id='stack-trace1938259481'><pre>java.lang.ArithmeticException: / by zero
	at day11.testngexamples.Example5.createLead(Example5.java:26)
	at java.base/jdk.internal.reflect.NativeMethodAccessorImpl.invoke0(Native Method)
	at java.base/jdk.internal.reflect.NativeMethodAccessorImpl.invoke(NativeMethodAccessorImpl.java:77)
	at java.base/jdk.internal.reflect.DelegatingMethodAccessorImpl.invoke(DelegatingMethodAccessorImpl.java:43)
	at java.base/java.lang.reflect.Method.invoke(Method.java:568)
	at org.testng.internal.invokers.MethodInvocationHelper.invokeMethod(MethodInvocationHelper.java:139)
	at org.testng.internal.invokers.TestInvoker.invokeMethod(TestInvoker.java:664)
	at org.testng.internal.invokers.TestInvoker.invokeTestMethod(TestInvoker.java:227)
	at org.testng.internal.invokers.MethodRunner.runInSequence(MethodRunner.java:50)
	at org.testng.internal.invokers.TestInvoker$MethodInvocationAgent.invoke(TestInvoker.java:957)
	at org.testng.internal.invokers.TestInvoker.invokeTestMethods(TestInvoker.java:200)
	at org.testng.internal.invokers.TestMethodWorker.invokeTestMethods(TestMethodWorker.java:148)
	at org.testng.internal.invokers.TestMethodWorker.run(TestMethodWorker.java:128)
	at java.base/java.util.ArrayList.forEach(ArrayList.java:1511)
	at org.testng.TestRunner.privateRun(TestRunner.java:848)
	at org.testng.TestRunner.run(TestRunner.java:621)
	at org.testng.SuiteRunner.runTest(SuiteRunner.java:443)
	at org.testng.SuiteRunner.runSequentially(SuiteRunner.java:437)
	at org.testng.SuiteRunner.privateRun(SuiteRunner.java:397)
	at org.testng.SuiteRunner.run(SuiteRunner.java:336)
	at org.testng.SuiteRunnerWorker.runSuite(SuiteRunnerWorker.java:52)
	at org.testng.SuiteRunnerWorker.run(SuiteRunnerWorker.java:95)
	at org.testng.TestNG.runSuitesSequentially(TestNG.java:1280)
	at org.testng.TestNG.runSuitesLocally(TestNG.java:1200)
	at org.testng.TestNG.runSuites(TestNG.java:1114)
	at org.testng.TestNG.run(TestNG.java:1082)
	at org.testng.remote.AbstractRemoteTestNG.run(AbstractRemoteTestNG.java:115)
	at org.testng.remote.RemoteTestNG.initAndRun(RemoteTestNG.java:251)
	at org.testng.remote.RemoteTestNG.main(RemoteTestNG.java:77)
</pre></div></td>
<td>0</td>
<td>day11.testngexamples.Example5@70e9c95d</td></tr>
</table><p>
<table width='100%' border='1' class='invocation-passed'>
<tr><td colspan='4' align='center'><b>PASSED TESTS</b></td></tr>
<tr><td><b>Test method</b></td>
<td><b>Attribute(s)</b></td>
<td width="30%"><b>Exception</b></td>
<td width="10%"><b>Time (seconds)</b></td>
<td><b>Instance</b></td>
</tr>
<tr>
<td title='day11.testngexamples.Example4.logout()'><b>logout</b><br>Test class: day11.testngexamples.Example4</td>
<td></td>
<td>0</td>
<td>day11.testngexamples.Example4@4d5650ae</td></tr>
<tr>
<td title='day11.testngexamples.Example7.deleteLead()'><b>deleteLead</b><br>Test class: day11.testngexamples.Example7</td>
<td></td>
<td>0</td>
<td>day11.testngexamples.Example7@a38c7fe</td></tr>
<tr>
<td title='day11.testngexamples.Example8.login()'><b>login</b><br>Test class: day11.testngexamples.Example8<br>Test method: Trying to execute this method 3 times</td>
<td></td>
<td>0</td>
<td>day11.testngexamples.Example8@2e3967ea</td></tr>
<tr>
<td title='day11.testngexamples.Example6.createLead()'><b>createLead</b><br>Test class: day11.testngexamples.Example6</td>
<td><div><pre>java.lang.ArithmeticException: / by zero
	at day11.testngexamples.Example6.createLead(Example6.java:26)
	at java.base/java.util.ArrayList.forEach(ArrayList.java:1511)
... Removed 27 stack frames</pre></div><a href='#' onClick='toggleBox("stack-trace1875520143", this, "Click to show all stack frames", "Click to hide stack frames")'>Click to show all stack frames</a>
<div class='stack-trace' id='stack-trace1875520143'><pre>java.lang.ArithmeticException: / by zero
	at day11.testngexamples.Example6.createLead(Example6.java:26)
	at java.base/jdk.internal.reflect.NativeMethodAccessorImpl.invoke0(Native Method)
	at java.base/jdk.internal.reflect.NativeMethodAccessorImpl.invoke(NativeMethodAccessorImpl.java:77)
	at java.base/jdk.internal.reflect.DelegatingMethodAccessorImpl.invoke(DelegatingMethodAccessorImpl.java:43)
	at java.base/java.lang.reflect.Method.invoke(Method.java:568)
	at org.testng.internal.invokers.MethodInvocationHelper.invokeMethod(MethodInvocationHelper.java:139)
	at org.testng.internal.invokers.TestInvoker.invokeMethod(TestInvoker.java:664)
	at org.testng.internal.invokers.TestInvoker.invokeTestMethod(TestInvoker.java:227)
	at org.testng.internal.invokers.MethodRunner.runInSequence(MethodRunner.java:50)
	at org.testng.internal.invokers.TestInvoker$MethodInvocationAgent.invoke(TestInvoker.java:957)
	at org.testng.internal.invokers.TestInvoker.invokeTestMethods(TestInvoker.java:200)
	at org.testng.internal.invokers.TestMethodWorker.invokeTestMethods(TestMethodWorker.java:148)
	at org.testng.internal.invokers.TestMethodWorker.run(TestMethodWorker.java:128)
	at java.base/java.util.ArrayList.forEach(ArrayList.java:1511)
	at org.testng.TestRunner.privateRun(TestRunner.java:848)
	at org.testng.TestRunner.run(TestRunner.java:621)
	at org.testng.SuiteRunner.runTest(SuiteRunner.java:443)
	at org.testng.SuiteRunner.runSequentially(SuiteRunner.java:437)
	at org.testng.SuiteRunner.privateRun(SuiteRunner.java:397)
	at org.testng.SuiteRunner.run(SuiteRunner.java:336)
	at org.testng.SuiteRunnerWorker.runSuite(SuiteRunnerWorker.java:52)
	at org.testng.SuiteRunnerWorker.run(SuiteRunnerWorker.java:95)
	at org.testng.TestNG.runSuitesSequentially(TestNG.java:1280)
	at org.testng.TestNG.runSuitesLocally(TestNG.java:1200)
	at org.testng.TestNG.runSuites(TestNG.java:1114)
	at org.testng.TestNG.run(TestNG.java:1082)
	at org.testng.remote.AbstractRemoteTestNG.run(AbstractRemoteTestNG.java:115)
	at org.testng.remote.RemoteTestNG.initAndRun(RemoteTestNG.java:251)
	at org.testng.remote.RemoteTestNG.main(RemoteTestNG.java:77)
</pre></div></td>
<td>0</td>
<td>day11.testngexamples.Example6@6fdbe764</td></tr>
<tr>
<td title='day11.testngexamples.Example6.logout()'><b>logout</b><br>Test class: day11.testngexamples.Example6</td>
<td></td>
<td>0</td>
<td>day11.testngexamples.Example6@6fdbe764</td></tr>
<tr>
<td title='day11.testngexamples.Example6.login()'><b>login</b><br>Test class: day11.testngexamples.Example6</td>
<td></td>
<td>0</td>
<td>day11.testngexamples.Example6@6fdbe764</td></tr>
<tr>
<td title='day11.testngexamples.Example3.login()'><b>login</b><br>Test class: day11.testngexamples.Example3</td>
<td></td>
<td>0</td>
<td>day11.testngexamples.Example3@2e6a8155</td></tr>
<tr>
<td title='day11.testngexamples.Example5.login()'><b>login</b><br>Test class: day11.testngexamples.Example5</td>
<td></td>
<td>0</td>
<td>day11.testngexamples.Example5@70e9c95d</td></tr>
<tr>
<td title='day11.testngexamples.TricentisShoppinhSite.loginIntoTricentisValidateWithAssert()'><b>loginIntoTricentisValidateWithAssert</b><br>Test class: day11.testngexamples.TricentisShoppinhSite</td>
<td></td>
<td>7</td>
<td>day11.testngexamples.TricentisShoppinhSite@7d4f9aae</td></tr>
<tr>
<td title='day11.testngexamples.Example7.createLead()'><b>createLead</b><br>Test class: day11.testngexamples.Example7</td>
<td><div><pre>java.lang.ArithmeticException: / by zero
	at day11.testngexamples.Example7.createLead(Example7.java:26)
	at java.base/java.util.ArrayList.forEach(ArrayList.java:1511)
... Removed 27 stack frames</pre></div><a href='#' onClick='toggleBox("stack-trace945064729", this, "Click to show all stack frames", "Click to hide stack frames")'>Click to show all stack frames</a>
<div class='stack-trace' id='stack-trace945064729'><pre>java.lang.ArithmeticException: / by zero
	at day11.testngexamples.Example7.createLead(Example7.java:26)
	at java.base/jdk.internal.reflect.NativeMethodAccessorImpl.invoke0(Native Method)
	at java.base/jdk.internal.reflect.NativeMethodAccessorImpl.invoke(NativeMethodAccessorImpl.java:77)
	at java.base/jdk.internal.reflect.DelegatingMethodAccessorImpl.invoke(DelegatingMethodAccessorImpl.java:43)
	at java.base/java.lang.reflect.Method.invoke(Method.java:568)
	at org.testng.internal.invokers.MethodInvocationHelper.invokeMethod(MethodInvocationHelper.java:139)
	at org.testng.internal.invokers.TestInvoker.invokeMethod(TestInvoker.java:664)
	at org.testng.internal.invokers.TestInvoker.invokeTestMethod(TestInvoker.java:227)
	at org.testng.internal.invokers.MethodRunner.runInSequence(MethodRunner.java:50)
	at org.testng.internal.invokers.TestInvoker$MethodInvocationAgent.invoke(TestInvoker.java:957)
	at org.testng.internal.invokers.TestInvoker.invokeTestMethods(TestInvoker.java:200)
	at org.testng.internal.invokers.TestMethodWorker.invokeTestMethods(TestMethodWorker.java:148)
	at org.testng.internal.invokers.TestMethodWorker.run(TestMethodWorker.java:128)
	at java.base/java.util.ArrayList.forEach(ArrayList.java:1511)
	at org.testng.TestRunner.privateRun(TestRunner.java:848)
	at org.testng.TestRunner.run(TestRunner.java:621)
	at org.testng.SuiteRunner.runTest(SuiteRunner.java:443)
	at org.testng.SuiteRunner.runSequentially(SuiteRunner.java:437)
	at org.testng.SuiteRunner.privateRun(SuiteRunner.java:397)
	at org.testng.SuiteRunner.run(SuiteRunner.java:336)
	at org.testng.SuiteRunnerWorker.runSuite(SuiteRunnerWorker.java:52)
	at org.testng.SuiteRunnerWorker.run(SuiteRunnerWorker.java:95)
	at org.testng.TestNG.runSuitesSequentially(TestNG.java:1280)
	at org.testng.TestNG.runSuitesLocally(TestNG.java:1200)
	at org.testng.TestNG.runSuites(TestNG.java:1114)
	at org.testng.TestNG.run(TestNG.java:1082)
	at org.testng.remote.AbstractRemoteTestNG.run(AbstractRemoteTestNG.java:115)
	at org.testng.remote.RemoteTestNG.initAndRun(RemoteTestNG.java:251)
	at org.testng.remote.RemoteTestNG.main(RemoteTestNG.java:77)
</pre></div></td>
<td>0</td>
<td>day11.testngexamples.Example7@a38c7fe</td></tr>
<tr>
<td title='day11.testngexamples.Example2.deleteLead()'><b>deleteLead</b><br>Test class: day11.testngexamples.Example2</td>
<td></td>
<td>0</td>
<td>day11.testngexamples.Example2@6221a451</td></tr>
<tr>
<td title='day11.testngexamples.Example7.login()'><b>login</b><br>Test class: day11.testngexamples.Example7<br>Test method: Trying to execute this method 3 times</td>
<td></td>
<td>0</td>
<td>day11.testngexamples.Example7@a38c7fe</td></tr>
<tr>
<td title='day11.testngexamples.Example3.updateLead()'><b>updateLead</b><br>Test class: day11.testngexamples.Example3</td>
<td></td>
<td>0</td>
<td>day11.testngexamples.Example3@2e6a8155</td></tr>
<tr>
<td title='day11.testngexamples.Example3.createLead()'><b>createLead</b><br>Test class: day11.testngexamples.Example3</td>
<td></td>
<td>0</td>
<td>day11.testngexamples.Example3@2e6a8155</td></tr>
<tr>
<td title='day11.testngexamples.Example3.deleteLead()'><b>deleteLead</b><br>Test class: day11.testngexamples.Example3</td>
<td></td>
<td>0</td>
<td>day11.testngexamples.Example3@2e6a8155</td></tr>
<tr>
<td title='day11.testngexamples.Example4.deleteLead()'><b>deleteLead</b><br>Test class: day11.testngexamples.Example4</td>
<td></td>
<td>0</td>
<td>day11.testngexamples.Example4@4d5650ae</td></tr>
<tr>
<td title='day11.testngexamples.Example2.updateLead()'><b>updateLead</b><br>Test class: day11.testngexamples.Example2</td>
<td></td>
<td>0</td>
<td>day11.testngexamples.Example2@6221a451</td></tr>
<tr>
<td title='day11.testngexamples.NewTest.test()'><b>test</b><br>Test class: day11.testngexamples.NewTest</td>
<td></td>
<td>0</td>
<td>day11.testngexamples.NewTest@f78a47e</td></tr>
<tr>
<td title='day11.testngexamples.Example6.deleteLead()'><b>deleteLead</b><br>Test class: day11.testngexamples.Example6</td>
<td></td>
<td>0</td>
<td>day11.testngexamples.Example6@6fdbe764</td></tr>
<tr>
<td title='day11.testngexamples.Example8.login()'><b>login</b><br>Test class: day11.testngexamples.Example8<br>Test method: Trying to execute this method 3 times</td>
<td></td>
<td>0</td>
<td>day11.testngexamples.Example8@2e3967ea</td></tr>
<tr>
<td title='day11.testngexamples.Example7.login()'><b>login</b><br>Test class: day11.testngexamples.Example7<br>Test method: Trying to execute this method 3 times</td>
<td></td>
<td>0</td>
<td>day11.testngexamples.Example7@a38c7fe</td></tr>
<tr>
<td title='day11.testngexamples.Example2.createLead()'><b>createLead</b><br>Test class: day11.testngexamples.Example2</td>
<td></td>
<td>0</td>
<td>day11.testngexamples.Example2@6221a451</td></tr>
<tr>
<td title='day11.testngexamples.Example3.logout()'><b>logout</b><br>Test class: day11.testngexamples.Example3</td>
<td></td>
<td>0</td>
<td>day11.testngexamples.Example3@2e6a8155</td></tr>
<tr>
<td title='day11.testngexamples.Example1.tc1()'><b>tc1</b><br>Test class: day11.testngexamples.Example1</td>
<td></td>
<td>0</td>
<td>day11.testngexamples.Example1@51c668e3</td></tr>
<tr>
<td title='day11.testngexamples.Example8.createLead()'><b>createLead</b><br>Test class: day11.testngexamples.Example8</td>
<td><div><pre>java.lang.ArithmeticException: / by zero
	at day11.testngexamples.Example8.createLead(Example8.java:27)
	at java.base/java.util.ArrayList.forEach(ArrayList.java:1511)
... Removed 27 stack frames</pre></div><a href='#' onClick='toggleBox("stack-trace2012095985", this, "Click to show all stack frames", "Click to hide stack frames")'>Click to show all stack frames</a>
<div class='stack-trace' id='stack-trace2012095985'><pre>java.lang.ArithmeticException: / by zero
	at day11.testngexamples.Example8.createLead(Example8.java:27)
	at java.base/jdk.internal.reflect.NativeMethodAccessorImpl.invoke0(Native Method)
	at java.base/jdk.internal.reflect.NativeMethodAccessorImpl.invoke(NativeMethodAccessorImpl.java:77)
	at java.base/jdk.internal.reflect.DelegatingMethodAccessorImpl.invoke(DelegatingMethodAccessorImpl.java:43)
	at java.base/java.lang.reflect.Method.invoke(Method.java:568)
	at org.testng.internal.invokers.MethodInvocationHelper.invokeMethod(MethodInvocationHelper.java:139)
	at org.testng.internal.invokers.TestInvoker.invokeMethod(TestInvoker.java:664)
	at org.testng.internal.invokers.TestInvoker.invokeTestMethod(TestInvoker.java:227)
	at org.testng.internal.invokers.MethodRunner.runInSequence(MethodRunner.java:50)
	at org.testng.internal.invokers.TestInvoker$MethodInvocationAgent.invoke(TestInvoker.java:957)
	at org.testng.internal.invokers.TestInvoker.invokeTestMethods(TestInvoker.java:200)
	at org.testng.internal.invokers.TestMethodWorker.invokeTestMethods(TestMethodWorker.java:148)
	at org.testng.internal.invokers.TestMethodWorker.run(TestMethodWorker.java:128)
	at java.base/java.util.ArrayList.forEach(ArrayList.java:1511)
	at org.testng.TestRunner.privateRun(TestRunner.java:848)
	at org.testng.TestRunner.run(TestRunner.java:621)
	at org.testng.SuiteRunner.runTest(SuiteRunner.java:443)
	at org.testng.SuiteRunner.runSequentially(SuiteRunner.java:437)
	at org.testng.SuiteRunner.privateRun(SuiteRunner.java:397)
	at org.testng.SuiteRunner.run(SuiteRunner.java:336)
	at org.testng.SuiteRunnerWorker.runSuite(SuiteRunnerWorker.java:52)
	at org.testng.SuiteRunnerWorker.run(SuiteRunnerWorker.java:95)
	at org.testng.TestNG.runSuitesSequentially(TestNG.java:1280)
	at org.testng.TestNG.runSuitesLocally(TestNG.java:1200)
	at org.testng.TestNG.runSuites(TestNG.java:1114)
	at org.testng.TestNG.run(TestNG.java:1082)
	at org.testng.remote.AbstractRemoteTestNG.run(AbstractRemoteTestNG.java:115)
	at org.testng.remote.RemoteTestNG.initAndRun(RemoteTestNG.java:251)
	at org.testng.remote.RemoteTestNG.main(RemoteTestNG.java:77)
</pre></div></td>
<td>0</td>
<td>day11.testngexamples.Example8@2e3967ea</td></tr>
<tr>
<td title='day11.testngexamples.Example8.login()'><b>login</b><br>Test class: day11.testngexamples.Example8<br>Test method: Trying to execute this method 3 times</td>
<td></td>
<td>0</td>
<td>day11.testngexamples.Example8@2e3967ea</td></tr>
<tr>
<td title='day11.testngexamples.Example8.deleteLead()'><b>deleteLead</b><br>Test class: day11.testngexamples.Example8</td>
<td></td>
<td>0</td>
<td>day11.testngexamples.Example8@2e3967ea</td></tr>
<tr>
<td title='day11.testngexamples.Example7.logout()'><b>logout</b><br>Test class: day11.testngexamples.Example7</td>
<td></td>
<td>0</td>
<td>day11.testngexamples.Example7@a38c7fe</td></tr>
<tr>
<td title='day11.testngexamples.Example2.login()'><b>login</b><br>Test class: day11.testngexamples.Example2</td>
<td></td>
<td>0</td>
<td>day11.testngexamples.Example2@6221a451</td></tr>
<tr>
<td title='day11.testngexamples.Example4.login()'><b>login</b><br>Test class: day11.testngexamples.Example4</td>
<td></td>
<td>0</td>
<td>day11.testngexamples.Example4@4d5650ae</td></tr>
<tr>
<td title='day11.testngexamples.Example1.tc2()'><b>tc2</b><br>Test class: day11.testngexamples.Example1</td>
<td></td>
<td>0</td>
<td>day11.testngexamples.Example1@51c668e3</td></tr>
<tr>
<td title='day11.testngexamples.Example7.login()'><b>login</b><br>Test class: day11.testngexamples.Example7<br>Test method: Trying to execute this method 3 times</td>
<td></td>
<td>0</td>
<td>day11.testngexamples.Example7@a38c7fe</td></tr>
<tr>
<td title='day11.testngexamples.Example4.createLead()'><b>createLead</b><br>Test class: day11.testngexamples.Example4</td>
<td></td>
<td>0</td>
<td>day11.testngexamples.Example4@4d5650ae</td></tr>
<tr>
<td title='day11.testngexamples.Example5.logout()'><b>logout</b><br>Test class: day11.testngexamples.Example5</td>
<td></td>
<td>0</td>
<td>day11.testngexamples.Example5@70e9c95d</td></tr>
<tr>
<td title='day11.testngexamples.TricentisShoppinhSite.loginPageObjectValidateWithAssert()'><b>loginPageObjectValidateWithAssert</b><br>Test class: day11.testngexamples.TricentisShoppinhSite</td>
<td></td>
<td>5</td>
<td>day11.testngexamples.TricentisShoppinhSite@7d4f9aae</td></tr>
</table><p>
<table width='100%' border='1' class='invocation-skipped'>
<tr><td colspan='4' align='center'><b>SKIPPED TESTS</b></td></tr>
<tr><td><b>Test method</b></td>
<td><b>Attribute(s)</b></td>
<td width="30%"><b>Exception</b></td>
<td width="10%"><b>Time (seconds)</b></td>
<td><b>Instance</b></td>
</tr>
<tr>
<td title='day11.testngexamples.Example5.deleteLead()'><b>deleteLead</b><br>Test class: day11.testngexamples.Example5</td>
<td><div><pre>java.lang.Throwable: Method day11.testngexamples.Example5.deleteLead() on instance day11.testngexamples.Example5@70e9c95d depends on not successfully finished methods 
[day11.testngexamples.Example5.createLead() on instance day11.testngexamples.Example5@70e9c95d]
	at java.base/java.util.ArrayList.forEach(ArrayList.java:1511)
... Removed 18 stack frames</pre></div><a href='#' onClick='toggleBox("stack-trace2095970915", this, "Click to show all stack frames", "Click to hide stack frames")'>Click to show all stack frames</a>
<div class='stack-trace' id='stack-trace2095970915'><pre>java.lang.Throwable: Method day11.testngexamples.Example5.deleteLead() on instance day11.testngexamples.Example5@70e9c95d depends on not successfully finished methods 
[day11.testngexamples.Example5.createLead() on instance day11.testngexamples.Example5@70e9c95d]
	at org.testng.internal.invokers.TestInvoker.invokeTestMethods(TestInvoker.java:156)
	at org.testng.internal.invokers.TestMethodWorker.invokeTestMethods(TestMethodWorker.java:148)
	at org.testng.internal.invokers.TestMethodWorker.run(TestMethodWorker.java:128)
	at java.base/java.util.ArrayList.forEach(ArrayList.java:1511)
	at org.testng.TestRunner.privateRun(TestRunner.java:848)
	at org.testng.TestRunner.run(TestRunner.java:621)
	at org.testng.SuiteRunner.runTest(SuiteRunner.java:443)
	at org.testng.SuiteRunner.runSequentially(SuiteRunner.java:437)
	at org.testng.SuiteRunner.privateRun(SuiteRunner.java:397)
	at org.testng.SuiteRunner.run(SuiteRunner.java:336)
	at org.testng.SuiteRunnerWorker.runSuite(SuiteRunnerWorker.java:52)
	at org.testng.SuiteRunnerWorker.run(SuiteRunnerWorker.java:95)
	at org.testng.TestNG.runSuitesSequentially(TestNG.java:1280)
	at org.testng.TestNG.runSuitesLocally(TestNG.java:1200)
	at org.testng.TestNG.runSuites(TestNG.java:1114)
	at org.testng.TestNG.run(TestNG.java:1082)
	at org.testng.remote.AbstractRemoteTestNG.run(AbstractRemoteTestNG.java:115)
	at org.testng.remote.RemoteTestNG.initAndRun(RemoteTestNG.java:251)
	at org.testng.remote.RemoteTestNG.main(RemoteTestNG.java:77)
</pre></div></td>
<td>0</td>
<td>day11.testngexamples.Example5@70e9c95d</td></tr>
</table><p>
</body>
</html>