<?xml version="1.0" encoding="UTF-8"?>
<!-- Generated by org.testng.reporters.JUnitXMLReporter -->
<testsuite ignored="0" hostname="DESKTOP-LLLGMOJ" failures="1" tests="6" name="Test" time="116.554" errors="0" timestamp="2025-08-08T21:41:15 IST">
  <testcase classname="testscripts_orangehrm.TestPIM" name="testPIM_Creation" time="18.51"/>
  <testcase classname="testscripts_orangehrm.TestPIM" name="testPIM_Update" time="0.001"/>
  <testcase classname="testscripts_orangehrm.TestPIM" name="testPIM_Delete" time="15.072"/>
  <testcase classname="com.google.testscripts.GoogeTest" name="testGoogleSearchPage" time="0.032"/>
  <testcase classname="com.google.testscripts.GoogeTest" name="testGoogleSuggestionCount" time="20.594">
    <failure type="java.lang.AssertionError" message="expected [10] but found [0]">
      <![CDATA[java.lang.AssertionError: expected [10] but found [0]
at com.google.testscripts.GoogeTest.testGoogleSuggestionCount(GoogeTest.java:38)
at java.base/java.util.ArrayList.forEach(ArrayList.java:1511)
... Removed 43 stack frames]]>
    </failure>
  </testcase> <!-- testGoogleSuggestionCount -->
  <testcase classname="com.google.testscripts.GoogeTest" name="testSuggestionSelection" time="27.408"/>
</testsuite> <!-- Test -->
