<?xml version="1.0" encoding="UTF-8"?>
<testng-results ignored="0" total="6" passed="5" failed="1" skipped="0">
  <reporter-output>
  </reporter-output>
  <suite started-at="2025-08-08T21:39:18 IST" name="Suite" finished-at="2025-08-08T21:41:15 IST" duration-ms="116554">
    <groups>
    </groups>
    <test started-at="2025-08-08T21:39:18 IST" name="Test" finished-at="2025-08-08T21:41:15 IST" duration-ms="116554">
      <class name="com.google.testscripts.GoogeTest">
        <test-method is-config="true" signature="precondition()[pri:0, instance:com.google.testscripts.GoogeTest@6d3a388c]" started-at="2025-08-08T21:40:15 IST" name="precondition" finished-at="2025-08-08T21:40:19 IST" duration-ms="3454" status="PASS">
          <reporter-output>
          </reporter-output>
        </test-method> <!-- precondition -->
        <test-method signature="testGoogleSearchPage()[pri:0, instance:com.google.testscripts.GoogeTest@6d3a388c]" started-at="2025-08-08T21:40:19 IST" name="testGoogleSearchPage" finished-at="2025-08-08T21:40:19 IST" duration-ms="32" status="PASS">
          <reporter-output>
          </reporter-output>
        </test-method> <!-- testGoogleSearchPage -->
        <test-method is-config="true" signature="postCondition()[pri:0, instance:com.google.testscripts.GoogeTest@6d3a388c]" started-at="2025-08-08T21:40:19 IST" name="postCondition" finished-at="2025-08-08T21:40:19 IST" duration-ms="317" status="PASS">
          <reporter-output>
          </reporter-output>
        </test-method> <!-- postCondition -->
        <test-method is-config="true" signature="precondition()[pri:0, instance:com.google.testscripts.GoogeTest@6d3a388c]" started-at="2025-08-08T21:40:19 IST" name="precondition" finished-at="2025-08-08T21:40:22 IST" duration-ms="3226" status="PASS">
          <reporter-output>
          </reporter-output>
        </test-method> <!-- precondition -->
        <test-method signature="testGoogleSuggestionCount()[pri:0, instance:com.google.testscripts.GoogeTest@6d3a388c]" started-at="2025-08-08T21:40:22 IST" name="testGoogleSuggestionCount" finished-at="2025-08-08T21:40:43 IST" duration-ms="20594" status="FAIL">
          <exception class="java.lang.AssertionError">
            <message>
              <![CDATA[expected [10] but found [0]]]>
            </message>
            <full-stacktrace>
              <![CDATA[java.lang.AssertionError: expected [10] but found [0]
at org.testng.Assert.fail(Assert.java:111)
at org.testng.Assert.failNotEquals(Assert.java:1578)
at org.testng.Assert.assertEqualsImpl(Assert.java:150)
at org.testng.Assert.assertEquals(Assert.java:132)
at org.testng.Assert.assertEquals(Assert.java:1419)
at org.testng.Assert.assertEquals(Assert.java:1383)
at org.testng.Assert.assertEquals(Assert.java:1429)
at com.google.testscripts.GoogeTest.testGoogleSuggestionCount(GoogeTest.java:38)
at java.base/jdk.internal.reflect.NativeMethodAccessorImpl.invoke0(Native Method)
at java.base/jdk.internal.reflect.NativeMethodAccessorImpl.invoke(NativeMethodAccessorImpl.java:77)
at java.base/jdk.internal.reflect.DelegatingMethodAccessorImpl.invoke(DelegatingMethodAccessorImpl.java:43)
at java.base/java.lang.reflect.Method.invoke(Method.java:568)
at org.testng.internal.invokers.MethodInvocationHelper.invokeMethod(MethodInvocationHelper.java:139)
at org.testng.internal.invokers.TestInvoker.invokeMethod(TestInvoker.java:664)
at org.testng.internal.invokers.TestInvoker.invokeTestMethod(TestInvoker.java:227)
at org.testng.internal.invokers.MethodRunner.runInSequence(MethodRunner.java:50)
at org.testng.internal.invokers.TestInvoker$MethodInvocationAgent.invoke(TestInvoker.java:957)
at org.testng.internal.invokers.TestInvoker.invokeTestMethods(TestInvoker.java:200)
at org.testng.internal.invokers.TestMethodWorker.invokeTestMethods(TestMethodWorker.java:148)
at org.testng.internal.invokers.TestMethodWorker.run(TestMethodWorker.java:128)
at java.base/java.util.ArrayList.forEach(ArrayList.java:1511)
at org.testng.TestRunner.privateRun(TestRunner.java:848)
at org.testng.TestRunner.run(TestRunner.java:621)
at org.testng.SuiteRunner.runTest(SuiteRunner.java:443)
at org.testng.SuiteRunner.runSequentially(SuiteRunner.java:437)
at org.testng.SuiteRunner.privateRun(SuiteRunner.java:397)
at org.testng.SuiteRunner.run(SuiteRunner.java:336)
at org.testng.SuiteRunnerWorker.runSuite(SuiteRunnerWorker.java:52)
at org.testng.SuiteRunnerWorker.run(SuiteRunnerWorker.java:95)
at org.testng.TestNG.runSuitesSequentially(TestNG.java:1280)
at org.testng.TestNG.runSuitesLocally(TestNG.java:1200)
at org.testng.TestNG.runSuites(TestNG.java:1114)
at org.testng.TestNG.run(TestNG.java:1082)
at org.apache.maven.surefire.testng.TestNGExecutor.run(TestNGExecutor.java:178)
at org.apache.maven.surefire.testng.TestNGXmlTestSuite.execute(TestNGXmlTestSuite.java:92)
at org.apache.maven.surefire.testng.TestNGProvider.invoke(TestNGProvider.java:96)
at java.base/jdk.internal.reflect.NativeMethodAccessorImpl.invoke0(Native Method)
at java.base/jdk.internal.reflect.NativeMethodAccessorImpl.invoke(NativeMethodAccessorImpl.java:77)
at java.base/jdk.internal.reflect.DelegatingMethodAccessorImpl.invoke(DelegatingMethodAccessorImpl.java:43)
at java.base/java.lang.reflect.Method.invoke(Method.java:568)
at org.apache.maven.surefire.util.ReflectionUtils.invokeMethodWithArray(ReflectionUtils.java:189)
at org.apache.maven.surefire.booter.ProviderFactory$ProviderProxy.invoke(ProviderFactory.java:165)
at org.apache.maven.surefire.booter.ProviderFactory.invokeProvider(ProviderFactory.java:85)
at org.apache.maven.surefire.booter.ForkedBooter.runSuitesInProcess(ForkedBooter.java:115)
at org.apache.maven.surefire.booter.ForkedBooter.main(ForkedBooter.java:75)
]]>
            </full-stacktrace>
          </exception> <!-- java.lang.AssertionError -->
          <reporter-output>
          </reporter-output>
        </test-method> <!-- testGoogleSuggestionCount -->
        <test-method is-config="true" signature="postCondition()[pri:0, instance:com.google.testscripts.GoogeTest@6d3a388c]" started-at="2025-08-08T21:40:43 IST" name="postCondition" finished-at="2025-08-08T21:40:43 IST" duration-ms="291" status="PASS">
          <reporter-output>
          </reporter-output>
        </test-method> <!-- postCondition -->
        <test-method is-config="true" signature="precondition()[pri:0, instance:com.google.testscripts.GoogeTest@6d3a388c]" started-at="2025-08-08T21:40:43 IST" name="precondition" finished-at="2025-08-08T21:40:46 IST" duration-ms="3182" status="PASS">
          <reporter-output>
          </reporter-output>
        </test-method> <!-- precondition -->
        <test-method signature="testSuggestionSelection()[pri:0, instance:com.google.testscripts.GoogeTest@6d3a388c]" started-at="2025-08-08T21:40:46 IST" name="testSuggestionSelection" finished-at="2025-08-08T21:41:14 IST" duration-ms="27408" status="PASS">
          <reporter-output>
          </reporter-output>
        </test-method> <!-- testSuggestionSelection -->
        <test-method is-config="true" signature="postCondition()[pri:0, instance:com.google.testscripts.GoogeTest@6d3a388c]" started-at="2025-08-08T21:41:14 IST" name="postCondition" finished-at="2025-08-08T21:41:14 IST" duration-ms="385" status="PASS">
          <reporter-output>
          </reporter-output>
        </test-method> <!-- postCondition -->
      </class> <!-- com.google.testscripts.GoogeTest -->
      <class name="testscripts_orangehrm.TestPIM">
        <test-method is-config="true" signature="openBrowser()[pri:0, instance:testscripts_orangehrm.TestPIM@15bbf42f]" started-at="2025-08-08T21:39:18 IST" name="openBrowser" finished-at="2025-08-08T21:39:25 IST" duration-ms="7338" status="PASS">
          <reporter-output>
          </reporter-output>
        </test-method> <!-- openBrowser -->
        <test-method is-config="true" signature="precondition()[pri:0, instance:testscripts_orangehrm.TestPIM@15bbf42f]" started-at="2025-08-08T21:39:25 IST" name="precondition" finished-at="2025-08-08T21:39:29 IST" duration-ms="3709" status="PASS">
          <reporter-output>
          </reporter-output>
        </test-method> <!-- precondition -->
        <test-method signature="testPIM_Creation()[pri:1, instance:testscripts_orangehrm.TestPIM@15bbf42f]" started-at="2025-08-08T21:39:29 IST" name="testPIM_Creation" finished-at="2025-08-08T21:39:48 IST" duration-ms="18510" status="PASS">
          <reporter-output>
          </reporter-output>
        </test-method> <!-- testPIM_Creation -->
        <test-method is-config="true" signature="postcondition()[pri:0, instance:testscripts_orangehrm.TestPIM@15bbf42f]" started-at="2025-08-08T21:39:48 IST" name="postcondition" finished-at="2025-08-08T21:39:49 IST" duration-ms="1051" status="PASS">
          <reporter-output>
          </reporter-output>
        </test-method> <!-- postcondition -->
        <test-method is-config="true" signature="precondition()[pri:0, instance:testscripts_orangehrm.TestPIM@15bbf42f]" started-at="2025-08-08T21:39:49 IST" name="precondition" finished-at="2025-08-08T21:39:53 IST" duration-ms="3798" status="PASS">
          <reporter-output>
          </reporter-output>
        </test-method> <!-- precondition -->
        <test-method signature="testPIM_Update()[pri:2, instance:testscripts_orangehrm.TestPIM@15bbf42f]" started-at="2025-08-08T21:39:53 IST" name="testPIM_Update" finished-at="2025-08-08T21:39:53 IST" depends-on-methods="testscripts_orangehrm.TestPIM.testPIM_Creation" duration-ms="1" status="PASS">
          <reporter-output>
          </reporter-output>
        </test-method> <!-- testPIM_Update -->
        <test-method is-config="true" signature="postcondition()[pri:0, instance:testscripts_orangehrm.TestPIM@15bbf42f]" started-at="2025-08-08T21:39:53 IST" name="postcondition" finished-at="2025-08-08T21:39:55 IST" duration-ms="2062" status="PASS">
          <reporter-output>
          </reporter-output>
        </test-method> <!-- postcondition -->
        <test-method is-config="true" signature="precondition()[pri:0, instance:testscripts_orangehrm.TestPIM@15bbf42f]" started-at="2025-08-08T21:39:55 IST" name="precondition" finished-at="2025-08-08T21:39:59 IST" duration-ms="3965" status="PASS">
          <reporter-output>
          </reporter-output>
        </test-method> <!-- precondition -->
        <test-method signature="testPIM_Delete()[pri:3, instance:testscripts_orangehrm.TestPIM@15bbf42f]" started-at="2025-08-08T21:39:59 IST" name="testPIM_Delete" finished-at="2025-08-08T21:40:14 IST" duration-ms="15072" status="PASS">
          <reporter-output>
          </reporter-output>
        </test-method> <!-- testPIM_Delete -->
        <test-method is-config="true" signature="postcondition()[pri:0, instance:testscripts_orangehrm.TestPIM@15bbf42f]" started-at="2025-08-08T21:40:14 IST" name="postcondition" finished-at="2025-08-08T21:40:15 IST" duration-ms="1533" status="PASS">
          <reporter-output>
          </reporter-output>
        </test-method> <!-- postcondition -->
        <test-method is-config="true" signature="closeBrowser()[pri:0, instance:testscripts_orangehrm.TestPIM@15bbf42f]" started-at="2025-08-08T21:41:14 IST" name="closeBrowser" finished-at="2025-08-08T21:41:15 IST" duration-ms="489" status="PASS">
          <reporter-output>
          </reporter-output>
        </test-method> <!-- closeBrowser -->
      </class> <!-- testscripts_orangehrm.TestPIM -->
    </test> <!-- Test -->
  </suite> <!-- Suite -->
</testng-results>
