<?xml version="1.0" encoding="UTF-8"?>
<!-- Generated by org.testng.reporters.JUnitXMLReporter -->
<testsuite ignored="0" hostname="DESKTOP-LLLGMOJ" failures="1" tests="4" name="Testing Parameterization" time="7.655" errors="0" timestamp="2025-08-02T20:30:20 IST">
  <testcase classname="day11.advancetestng.Parameterization" name="testCaseOne" time="0.012"/>
  <testcase classname="day11.advancetestng.Parameterization" name="testCaseThree" time="0.016"/>
  <testcase classname="day11.advancetestng.Parameterization" name="testCaseTwo" time="0.0">
    <failure type="org.testng.TestNGException" message="
Parameter &amp;apos;usernames&amp;apos; is required by @Test on method testCaseTwo but has not been marked @Optional or defined
in F:\Workplaces\SeleniumBasic_Workspace\15thAprSeleniumBatch\src\test\resources\avdvanceXml\parameterization.xml">
      <![CDATA[org.testng.TestNGException: 
Parameter 'usernames' is required by @Test on method testCaseTwo but has not been marked @Optional or defined
in F:\Workplaces\SeleniumBasic_Workspace\15thAprSeleniumBatch\src\test\resources\avdvanceXml\parameterization.xml
at java.base/java.util.ArrayList.forEach(ArrayList.java:1511)
... Removed 26 stack frames]]>
    </failure>
  </testcase> <!-- testCaseTwo -->
  <testcase classname="day11.advancetestng.Parameterization" name="testLoginOfVtiger" time="7.413"/>
</testsuite> <!-- Testing Parameterization -->
